<?xml version="1.0" encoding="UTF-8"?>
<!-- Generated by org.testng.reporters.JUnitReportReporter -->
<testsuite hostname="MDALLAL" failures="0" tests="1" name="tests.CheckoutFlowTest" time="14.198" errors="0" timestamp="2025-06-19T23:12:33 GMT+03:00" skipped="0">
  <testcase classname="tests.CheckoutFlowTest" name="fullCheckoutTest" time="14.198"/>
</testsuite> <!-- tests.CheckoutFlowTest -->
