<?xml version="1.0" encoding="UTF-8"?>
<!-- Generated by org.testng.reporters.JUnitReportReporter -->
<testsuite hostname="MDALLAL" failures="0" tests="13" name="SweetShopTest.SweetShopTest.AppTest" time="32.656" errors="0" timestamp="2025-06-19T23:03:17 GMT+03:00" skipped="2">
  <testcase classname="SweetShopTest.SweetShopTest.AppTest" name="browseSweetsTest" time="1.617"/>
  <testcase classname="SweetShopTest.SweetShopTest.AppTest" name="addAllItemsToBasketTest" time="2.499"/>
  <testcase classname="SweetShopTest.SweetShopTest.AppTest" name="viewBasketTest" time="0.849"/>
  <testcase classname="SweetShopTest.SweetShopTest.AppTest" name="readFromDatabaseAndFillCustomerDataTest" time="4.016"/>
  <testcase classname="SweetShopTest.SweetShopTest.AppTest" name="selectCountryAndCityTest" time="2.050"/>
  <testcase classname="SweetShopTest.SweetShopTest.AppTest" name="enterRandomZIPCodeTest" time="0.670"/>
  <testcase classname="SweetShopTest.SweetShopTest.AppTest" name="enterPaymentDetailsTest" time="5.361"/>
  <testcase classname="SweetShopTest.SweetShopTest.AppTest" name="emptyBasketTest" time="1.343"/>
  <testcase classname="SweetShopTest.SweetShopTest.AppTest" name="addItemsContainingFruitToBasketTest" time="5.968"/>
  <testcase classname="SweetShopTest.SweetShopTest.AppTest" name="removeItemFromBasketTest" time="4.947"/>
  <testcase classname="SweetShopTest.SweetShopTest.AppTest" name="checkoutWithIncompleteCustomerDataTest" time="3.336"/>
  <testcase classname="SweetShopTest.SweetShopTest.AppTest" name="insertCustomerDataToDatabaseTest">
    <skipped/>
  </testcase> <!-- insertCustomerDataToDatabaseTest -->
  <testcase classname="SweetShopTest.SweetShopTest.AppTest" name="takeScreenshotTest">
    <skipped/>
  </testcase> <!-- takeScreenshotTest -->
</testsuite> <!-- SweetShopTest.SweetShopTest.AppTest -->
