<?xml version="1.0" encoding="UTF-8"?>
<!-- Generated by org.testng.reporters.JUnitReportReporter -->
<testsuite hostname="MDALLAL" failures="0" tests="11" name="tests.FullFlowTest" time="40.303" errors="0" timestamp="2025-06-21T00:24:35 GMT+03:00" skipped="0">
  <testcase classname="tests.FullFlowTest" name="step1_addAllItems" time="8.265"/>
  <system-out/>
  <testcase classname="tests.FullFlowTest" name="step2_openBasket" time="2.526"/>
  <system-out/>
  <testcase classname="tests.FullFlowTest" name="step3_insertDummyCustomer" time="0.031"/>
  <system-out/>
  <testcase classname="tests.FullFlowTest" name="step4_fetchCustomerFromDB" time="0.028"/>
  <system-out/>
  <testcase classname="tests.FullFlowTest" name="step5_fillCustomerInfo" time="3.278"/>
  <system-out/>
  <testcase classname="tests.FullFlowTest" name="step6_fillPayment" time="2.803"/>
  <system-out/>
  <testcase classname="tests.FullFlowTest" name="step7_emptyBasket" time="1.270"/>
  <system-out/>
  <testcase classname="tests.FullFlowTest" name="step8_addFruitOnlyItems" time="11.194"/>
  <system-out/>
  <testcase classname="tests.FullFlowTest" name="step9_removeItemById" time="3.623"/>
  <system-out/>
  <testcase classname="tests.FullFlowTest" name="step10_invalidCheckoutValidation" time="2.176"/>
  <system-out/>
  <testcase classname="tests.FullFlowTest" name="step11_loginMismatchBug" time="5.109"/>
  <system-out/>
</testsuite> <!-- tests.FullFlowTest -->
